Exporter version: 5.4.2, Blender version: 2.78 (sub 0)
========= Conversion from Blender to Babylon.js =========
	Scene settings used:
		selected layers only:  true
		flat shading entire scene:  false
		inline textures:  false
		texture directory:  C:\Users\Sven\Documents\SvenFrankson\space-scout\datas\vertexData\
	Python World class constructor completed
	WARNING: No active camera has been assigned, or is not in a currently selected Blender layer
	processing begun of mesh:  Box
		processing begun of Standard material:  Body
		processing begun of Standard material:  Frame
		processing begun of multimaterial:  station_block.Multimaterial#0
		num positions      :  120
		num normals        :  120
		num uvs            :  0
		num uvs2           :  0
		num colors         :  480
		num indices        :  276
========= Writing of scene file started =========
========= Writing of scene file completed =========
========= end of processing =========
elapsed time:  0 min, 0.0441 secs
