Exporter version: 5.4.2, Blender version: 2.78 (sub 0)
========= Conversion from Blender to Babylon.js =========
	Scene settings used:
		selected layers only:  true
		flat shading entire scene:  false
		inline textures:  false
		texture directory:  C:\Users\Sven\Documents\SvenFrankson\space-scout\datas\
	Python World class constructor completed
	WARNING: No active camera has been assigned, or is not in a currently selected Blender layer
	processing begun of skeleton:  Armature, id:  0
		processing begun of bone:  root, index:  0
		processing begun of bone:  Spine, index:  1
		processing begun of bone:  Shoulder-L, index:  2
		processing begun of bone:  UpperArm-L, index:  3
		processing begun of bone:  LowerArm-L, index:  4
		processing begun of bone:  Hand-L, index:  5
		processing begun of bone:  Neck, index:  6
		processing begun of bone:  Head, index:  7
		processing begun of bone:  Shoulder-R, index:  8
		processing begun of bone:  UpperArm-R, index:  9
		processing begun of bone:  LowerArm-R, index:  10
		processing begun of bone:  Hand-R, index:  11
		processing begun of bone:  Hip-L, index:  12
		processing begun of bone:  UpperLeg-L, index:  13
		processing begun of bone:  LowerLeg-L, index:  14
		processing begun of bone:  Foot-L, index:  15
		processing begun of bone:  Hip-R, index:  16
		processing begun of bone:  UpperLeg-R, index:  17
		processing begun of bone:  LowerLeg-R, index:  18
		processing begun of bone:  Foot-R, index:  19
		processing action Walk:  in[1 - 50], out[0 - 50]
	processing begun of mesh:  nude
		WARNING: No materials have been assigned: 
		num positions      :  308
		num normals        :  308
		num uvs            :  0
		num uvs2           :  0
		num colors         :  0
		num indices        :  1788
		Skeleton stats:  
			WARNING: Maximum # of influencers exceeded for 20 vertices, extras ignored
			Total Influencers:  699
			Avg # of influencers per vertex:  2.2695
			Highest # of influencers observed:  6, num vertices with this:  2
			exported as 4 influencers
			num skeletonWeights and skeletonIndices:  1232
========= Writing of scene file started =========
========= Writing of scene file completed =========
========= end of processing =========
elapsed time:  0 min, 0.5859 secs
